<?xml version="1.0" encoding="UTF-8"?>
<!-- Generated by org.testng.reporters.JUnitXMLReporter -->
<testsuite hostname="DESKTOP-P9O646S" ignored="6" name="Application Test 1" tests="6" failures="0" timestamp="26 Dec 2018 02:42:22 GMT" time="0.37" errors="0">
  <testcase name="testMethod3" time="0.002" classname="testngdemo.NewTest1"/>
  <testcase name="testMethod4" time="0.0" classname="testngdemo.NewTest1"/>
  <testcase name="testMethod5" time="0.004" classname="testngdemo.NewTest1"/>
  <testcase name="testMethod6" time="0.0" classname="testngdemo.NewTest2"/>
  <testcase name="testMethod3" time="0.232" classname="testngdemo.NewTest2"/>
  <testcase name="testMethod5" time="0.0" classname="testngdemo.NewTest2"/>
  <testcase name="testMethod1" time="0.0" classname="testngdemo.NewTest2">
    <ignored/>
  </testcase> <!-- testMethod1 -->
  <testcase name="testMethod6" time="0.0" classname="testngdemo.NewTest1">
    <ignored/>
  </testcase> <!-- testMethod6 -->
  <testcase name="testMethod1" time="0.0" classname="testngdemo.NewTest1">
    <ignored/>
  </testcase> <!-- testMethod1 -->
  <testcase name="testMethod4" time="0.0" classname="testngdemo.NewTest2">
    <ignored/>
  </testcase> <!-- testMethod4 -->
  <testcase name="testMethod2" time="0.0" classname="testngdemo.NewTest2">
    <ignored/>
  </testcase> <!-- testMethod2 -->
  <testcase name="testMethod2" time="0.0" classname="testngdemo.NewTest1">
    <ignored/>
  </testcase> <!-- testMethod2 -->
</testsuite> <!-- Application Test 1 -->
