<?xml version="1.0" encoding="UTF-8"?>
<!-- Generated by org.testng.reporters.JUnitXMLReporter -->
<testsuite hostname="DESKTOP-P9O646S" ignored="0" name="Application Test 1" tests="4" failures="0" timestamp="05 Jan 2019 08:52:16 GMT" time="211.603" errors="0">
  <testcase name="test" time="49.368" classname="testngdemo.ExpediaSrchPageTestng"/>
  <testcase name="test" time="42.209" classname="testngdemo.ExpediaSrchPageTestng"/>
  <testcase name="test" time="52.35" classname="testngdemo.ExpediaSrchPageTestng"/>
  <testcase name="test" time="45.767" classname="testngdemo.ExpediaSrchPageTestng"/>
</testsuite> <!-- Application Test 1 -->
