<?xml version="1.0" encoding="UTF-8"?>
<testng-results skipped="0" failed="0" ignored="0" total="2" passed="2">
  <reporter-output>
  </reporter-output>
  <suite name="Default suite" duration-ms="163" started-at="2018-12-23T21:33:03Z" finished-at="2018-12-23T21:33:03Z">
    <groups>
    </groups>
    <test name="Default test" duration-ms="163" started-at="2018-12-23T21:33:03Z" finished-at="2018-12-23T21:33:03Z">
      <class name="testngdemo.NewTest">
        <test-method status="PASS" signature="setUp()[pri:0, instance:testngdemo.NewTest@16905e]" name="setUp" is-config="true" duration-ms="44" started-at="2018-12-23T21:33:03Z" finished-at="2018-12-23T21:33:03Z">
          <reporter-output>
          </reporter-output>
        </test-method> <!-- setUp -->
        <test-method status="PASS" signature="beforeMethod()[pri:0, instance:testngdemo.NewTest@16905e]" name="beforeMethod" is-config="true" duration-ms="1" started-at="2018-12-23T21:33:03Z" finished-at="2018-12-23T21:33:03Z">
          <reporter-output>
          </reporter-output>
        </test-method> <!-- beforeMethod -->
        <test-method status="PASS" signature="testMethod1()[pri:0, instance:testngdemo.NewTest@16905e]" name="testMethod1" duration-ms="14" started-at="2018-12-23T21:33:03Z" finished-at="2018-12-23T21:33:03Z">
          <reporter-output>
          </reporter-output>
        </test-method> <!-- testMethod1 -->
        <test-method status="PASS" signature="afterMethod()[pri:0, instance:testngdemo.NewTest@16905e]" name="afterMethod" is-config="true" duration-ms="1" started-at="2018-12-23T21:33:03Z" finished-at="2018-12-23T21:33:03Z">
          <reporter-output>
          </reporter-output>
        </test-method> <!-- afterMethod -->
        <test-method status="PASS" signature="beforeMethod()[pri:0, instance:testngdemo.NewTest@16905e]" name="beforeMethod" is-config="true" duration-ms="1" started-at="2018-12-23T21:33:03Z" finished-at="2018-12-23T21:33:03Z">
          <reporter-output>
          </reporter-output>
        </test-method> <!-- beforeMethod -->
        <test-method status="PASS" signature="testMethod2()[pri:0, instance:testngdemo.NewTest@16905e]" name="testMethod2" duration-ms="4" started-at="2018-12-23T21:33:03Z" finished-at="2018-12-23T21:33:03Z">
          <reporter-output>
          </reporter-output>
        </test-method> <!-- testMethod2 -->
        <test-method status="PASS" signature="afterMethod()[pri:0, instance:testngdemo.NewTest@16905e]" name="afterMethod" is-config="true" duration-ms="1" started-at="2018-12-23T21:33:03Z" finished-at="2018-12-23T21:33:03Z">
          <reporter-output>
          </reporter-output>
        </test-method> <!-- afterMethod -->
        <test-method status="PASS" signature="cleanUp()[pri:0, instance:testngdemo.NewTest@16905e]" name="cleanUp" is-config="true" duration-ms="1" started-at="2018-12-23T21:33:03Z" finished-at="2018-12-23T21:33:03Z">
          <reporter-output>
          </reporter-output>
        </test-method> <!-- cleanUp -->
      </class> <!-- testngdemo.NewTest -->
    </test> <!-- Default test -->
  </suite> <!-- Default suite -->
</testng-results>
