<?xml version="1.0" encoding="UTF-8"?>
<testng-results skipped="0" failed="0" ignored="0" total="1" passed="1">
  <reporter-output>
  </reporter-output>
  <suite name="Default suite" duration-ms="21715" started-at="2019-01-06T04:01:42Z" finished-at="2019-01-06T04:02:03Z">
    <groups>
    </groups>
    <test name="Default test" duration-ms="21715" started-at="2019-01-06T04:01:42Z" finished-at="2019-01-06T04:02:03Z">
      <class name="AutoITAuthDemo">
        <test-method status="PASS" signature="beforeClass()[pri:0, instance:AutoITAuthDemo@17fd0e6]" name="beforeClass" is-config="true" duration-ms="18199" started-at="2019-01-06T04:01:42Z" finished-at="2019-01-06T04:02:00Z">
          <reporter-output>
          </reporter-output>
        </test-method> <!-- beforeClass -->
        <test-method status="PASS" signature="handleAuthenticationon()[pri:0, instance:AutoITAuthDemo@17fd0e6]" name="handleAuthenticationon" duration-ms="3351" started-at="2019-01-06T04:02:00Z" finished-at="2019-01-06T04:02:03Z">
          <reporter-output>
          </reporter-output>
        </test-method> <!-- handleAuthenticationon -->
        <test-method status="PASS" signature="afterClass()[pri:0, instance:AutoITAuthDemo@17fd0e6]" name="afterClass" is-config="true" duration-ms="1" started-at="2019-01-06T04:02:03Z" finished-at="2019-01-06T04:02:03Z">
          <reporter-output>
          </reporter-output>
        </test-method> <!-- afterClass -->
      </class> <!-- AutoITAuthDemo -->
    </test> <!-- Default test -->
  </suite> <!-- Default suite -->
</testng-results>
