<?xml version="1.0" encoding="UTF-8"?>
<testng-results skipped="0" failed="0" ignored="0" total="1" passed="1">
  <reporter-output>
  </reporter-output>
  <suite name="Default suite" duration-ms="48694" started-at="2019-01-06T00:28:24Z" finished-at="2019-01-06T00:29:13Z">
    <groups>
    </groups>
    <test name="Default test" duration-ms="48694" started-at="2019-01-06T00:28:24Z" finished-at="2019-01-06T00:29:13Z">
      <class name="FileUploadUsingRobot">
        <test-method status="PASS" signature="beforeClass()[pri:0, instance:FileUploadUsingRobot@17fd0e6]" name="beforeClass" is-config="true" duration-ms="10322" started-at="2019-01-06T00:28:24Z" finished-at="2019-01-06T00:28:35Z">
          <reporter-output>
          </reporter-output>
        </test-method> <!-- beforeClass -->
        <test-method status="PASS" signature="fileUpload()[pri:0, instance:FileUploadUsingRobot@17fd0e6]" name="fileUpload" duration-ms="38277" started-at="2019-01-06T00:28:35Z" finished-at="2019-01-06T00:29:13Z">
          <reporter-output>
          </reporter-output>
        </test-method> <!-- fileUpload -->
        <test-method status="PASS" signature="afterClass()[pri:0, instance:FileUploadUsingRobot@17fd0e6]" name="afterClass" is-config="true" duration-ms="1" started-at="2019-01-06T00:29:13Z" finished-at="2019-01-06T00:29:13Z">
          <reporter-output>
          </reporter-output>
        </test-method> <!-- afterClass -->
      </class> <!-- FileUploadUsingRobot -->
    </test> <!-- Default test -->
  </suite> <!-- Default suite -->
</testng-results>
